[debug] [2021-06-10T18:19:49.830Z] ----------------------------------------------------------------------
[debug] [2021-06-10T18:19:49.833Z] Command:       C:\Program Files (x86)\nodejs\node.exe C:\Users\Administrator\AppData\Roaming\npm\node_modules\firebase-tools\lib\bin\firebase.js init
[debug] [2021-06-10T18:19:49.833Z] CLI Version:   9.12.1
[debug] [2021-06-10T18:19:49.833Z] Platform:      win32
[debug] [2021-06-10T18:19:49.833Z] Node Version:  v14.17.0
[debug] [2021-06-10T18:19:49.834Z] Time:          Thu Jun 10 2021 11:19:49 GMT-0700 (Pacific Daylight Time)
[debug] [2021-06-10T18:19:49.834Z] ----------------------------------------------------------------------
[debug] 
[debug] [2021-06-10T18:19:49.841Z] > command requires scopes: ["email","openid","https://www.googleapis.com/auth/cloudplatformprojects.readonly","https://www.googleapis.com/auth/firebase","https://www.googleapis.com/auth/cloud-platform"]
[debug] [2021-06-10T18:19:49.842Z] > authorizing via signed-in user (aurthurmhlongo.ta@gmail.com)
[info] 
     ######## #### ########  ######## ########     ###     ######  ########
     ##        ##  ##     ## ##       ##     ##  ##   ##  ##       ##
     ######    ##  ########  ######   ########  #########  ######  ######
     ##        ##  ##    ##  ##       ##     ## ##     ##       ## ##
     ##       #### ##     ## ######## ########  ##     ##  ######  ########

You're about to initialize a Firebase project in this directory:

  E:\sWs Project\NetFlix Clone

Before we get started, keep in mind:

  * You are initializing in an existing Firebase project directory

